{"level":"info","os":"darwin","arch":"arm64","version":"dev","build_time":"unknown","git_commit":"unknown","go_version":"go1.24.4","time":"2025-07-11T06:20:15.541876-04:00","caller":"/Users/raithbheart/projects/automuse/pkg/logger/logger.go:140","message":"Application starting"}
{"level":"info","config":{"bot_token":"MTA2MzQ5***","debug_mode":false,"features":{"enable_caching":true,"enable_buffering":true,"enable_metrics":false,"enable_rate_limiting":true,"enable_auto_reconnect":true,"enable_advanced_audio":true,"supported_formats":["mp3","m4a","webm","ogg"],"experimental_features":[]},"youtube_token":"AIzaSyA2***"},"time":"2025-07-11T06:20:15.54232-04:00","caller":"/Users/raithbheart/projects/automuse/pkg/logger/logger.go:140","message":"Configuration loaded"}
{"level":"info","time":"2025-07-11T06:20:15.542402-04:00","caller":"/Users/raithbheart/projects/automuse/pkg/logger/logger.go:140","message":"Checking system dependencies"}
{"level":"info","recommended_action":"Consider installing optional dependencies for full functionality","severity":"WARNING","required_missing":0,"optional_missing":2,"time":"2025-07-11T06:20:15.841657-04:00","caller":"/Users/raithbheart/projects/automuse/pkg/logger/logger.go:140","message":"Dependency check completed"}
{"level":"info","time":"2025-07-11T06:20:15.843392-04:00","caller":"/Users/raithbheart/projects/automuse/pkg/logger/logger.go:140","message":"Application initialized successfully"}
{"level":"info","time":"2025-07-11T06:20:16.499158-04:00","caller":"/Users/raithbheart/projects/automuse/pkg/logger/logger.go:140","message":"Application started successfully"}
{"level":"info","discriminator":"8361","bot_id":"1063494648695357580","guild_count":3,"username":"AutoMuse 🎵","time":"2025-07-11T06:20:16.499248-04:00","caller":"/Users/raithbheart/projects/automuse/pkg/logger/logger.go:140","message":"Discord bot ready"}
{"level":"info","guild_id":"846196339066142780","guild_name":"Wolf Den","members":8,"time":"2025-07-11T06:20:16.500094-04:00","caller":"/Users/raithbheart/projects/automuse/pkg/logger/logger.go:140","message":"Joined guild"}
{"level":"info","guild_id":"333860748474318851","guild_name":"Pickle Jar","members":43,"time":"2025-07-11T06:20:16.500425-04:00","caller":"/Users/raithbheart/projects/automuse/pkg/logger/logger.go:140","message":"Joined guild"}
{"level":"info","guild_id":"1386639556064841769","guild_name":"Hermit","members":2,"time":"2025-07-11T06:20:16.628376-04:00","caller":"/Users/raithbheart/projects/automuse/pkg/logger/logger.go:140","message":"Joined guild"}
{"level":"info","go_version":"go1.24.4","os":"darwin","arch":"arm64","version":"dev","build_time":"unknown","git_commit":"unknown","time":"2025-07-15T18:23:50.799789-04:00","caller":"/Users/raithbheart/projects/automuse/pkg/logger/logger.go:140","message":"Application starting"}
{"level":"info","config":{"bot_token":"MTA2MzQ5***","debug_mode":false,"features":{"enable_caching":true,"enable_buffering":true,"enable_metrics":false,"enable_rate_limiting":true,"enable_auto_reconnect":true,"enable_advanced_audio":true,"supported_formats":["mp3","m4a","webm","ogg"],"experimental_features":[]},"youtube_token":"AIzaSyA2***"},"time":"2025-07-15T18:23:50.800028-04:00","caller":"/Users/raithbheart/projects/automuse/pkg/logger/logger.go:140","message":"Configuration loaded"}
{"level":"info","time":"2025-07-15T18:23:50.800121-04:00","caller":"/Users/raithbheart/projects/automuse/pkg/logger/logger.go:140","message":"Checking system dependencies"}
{"level":"info","severity":"WARNING","required_missing":0,"optional_missing":2,"recommended_action":"Consider installing optional dependencies for full functionality","time":"2025-07-15T18:23:51.000172-04:00","caller":"/Users/raithbheart/projects/automuse/pkg/logger/logger.go:140","message":"Dependency check completed"}
{"level":"info","time":"2025-07-15T18:23:51.002454-04:00","caller":"/Users/raithbheart/projects/automuse/pkg/logger/logger.go:140","message":"Legacy global variables initialized for backward compatibility"}
{"level":"info","time":"2025-07-15T18:23:51.002499-04:00","caller":"/Users/raithbheart/projects/automuse/pkg/logger/logger.go:140","message":"Application initialized successfully"}
{"level":"info","time":"2025-07-15T18:23:51.474159-04:00","caller":"/Users/raithbheart/projects/automuse/pkg/logger/logger.go:140","message":"Application started successfully"}
{"level":"info","username":"AutoMuse 🎵","discriminator":"8361","bot_id":"1063494648695357580","guild_count":3,"time":"2025-07-15T18:23:51.474266-04:00","caller":"/Users/raithbheart/projects/automuse/pkg/logger/logger.go:140","message":"Discord bot ready"}
{"level":"info","guild_id":"333860748474318851","guild_name":"Pickle Jar","members":43,"time":"2025-07-15T18:23:51.479382-04:00","caller":"/Users/raithbheart/projects/automuse/pkg/logger/logger.go:140","message":"Joined guild"}
{"level":"info","guild_id":"846196339066142780","guild_name":"Wolf Den","members":8,"time":"2025-07-15T18:23:51.480079-04:00","caller":"/Users/raithbheart/projects/automuse/pkg/logger/logger.go:140","message":"Joined guild"}
{"level":"info","guild_id":"1386639556064841769","guild_name":"Hermit","members":2,"time":"2025-07-15T18:23:51.480305-04:00","caller":"/Users/raithbheart/projects/automuse/pkg/logger/logger.go:140","message":"Joined guild"}
{"level":"info","user_id":"177546433933606913","guild_id":"846196339066142780","channel_id":"1016432041258131497","command":"play https://www.youtube.com/playlist?list=PL-q5b80dReoF0uRgmtQE-S820E79J3Vup","handler":"*main.PlayCommand","time":"2025-07-15T18:24:18.455187-04:00","caller":"/Users/raithbheart/projects/automuse/pkg/logger/logger.go:140","message":"Processing command with legacy handler"}
{"level":"info","user_id":"177546433933606913","username":"wolfenheimm","guild_id":"846196339066142780","guild_name":"","channel_id":"1016432041258131497","command":"play https://www.youtube.com/playlist?list=PL-q5b80dReoF0uRgmtQE-S820E79J3Vup","user_id":"177546433933606913","guild_id":"846196339066142780","success":true,"duration_ms":0,"time":"2025-07-15T18:24:18.455533-04:00","caller":"/Users/raithbheart/projects/automuse/pkg/logger/logger.go:140","message":"Command executed successfully"}
{"level":"info","command":"play https://www.youtube.com/watch?v=bRyLsMv2clU","handler":"*main.PlayCommand","user_id":"177546433933606913","guild_id":"846196339066142780","channel_id":"1016432041258131497","time":"2025-07-15T18:25:33.45022-04:00","caller":"/Users/raithbheart/projects/automuse/pkg/logger/logger.go:140","message":"Processing command with legacy handler"}
{"level":"info","user_id":"177546433933606913","username":"wolfenheimm","guild_id":"846196339066142780","guild_name":"","channel_id":"1016432041258131497","command":"play https://www.youtube.com/watch?v=bRyLsMv2clU","user_id":"177546433933606913","guild_id":"846196339066142780","success":true,"duration_ms":0,"time":"2025-07-15T18:25:33.450523-04:00","caller":"/Users/raithbheart/projects/automuse/pkg/logger/logger.go:140","message":"Command executed successfully"}
{"level":"info","goroutines":7,"alloc_mb":6,"total_alloc_mb":172,"sys_mb":29,"num_gc":41,"time":"2025-07-15T18:28:51.478665-04:00","caller":"/Users/raithbheart/projects/automuse/pkg/logger/logger.go:140","message":"Memory usage statistics"}
{"level":"info","time":"2025-07-15T18:29:04.518505-04:00","caller":"/Users/raithbheart/projects/automuse/pkg/logger/logger.go:140","message":"Shutdown signal received"}
{"level":"info","time":"2025-07-15T18:29:04.518869-04:00","caller":"/Users/raithbheart/projects/automuse/pkg/logger/logger.go:140","message":"Starting graceful shutdown"}
{"level":"info","time":"2025-07-15T18:29:05.521484-04:00","caller":"/Users/raithbheart/projects/automuse/pkg/logger/logger.go:140","message":"Graceful shutdown completed"}
{"level":"info","reason":"Signal received","graceful":true,"time":"2025-07-15T18:29:05.522114-04:00","caller":"/Users/raithbheart/projects/automuse/pkg/logger/logger.go:140","message":"Application shutting down"}
{"level":"info","version":"dev","build_time":"unknown","git_commit":"unknown","go_version":"go1.24.4","os":"darwin","arch":"arm64","time":"2025-07-15T18:29:09.164794-04:00","caller":"/Users/raithbheart/projects/automuse/pkg/logger/logger.go:140","message":"Application starting"}
{"level":"info","config":{"bot_token":"MTA2MzQ5***","debug_mode":false,"features":{"enable_caching":true,"enable_buffering":true,"enable_metrics":false,"enable_rate_limiting":true,"enable_auto_reconnect":true,"enable_advanced_audio":true,"supported_formats":["mp3","m4a","webm","ogg"],"experimental_features":[]},"youtube_token":"AIzaSyA2***"},"time":"2025-07-15T18:29:09.164987-04:00","caller":"/Users/raithbheart/projects/automuse/pkg/logger/logger.go:140","message":"Configuration loaded"}
{"level":"info","time":"2025-07-15T18:29:09.165082-04:00","caller":"/Users/raithbheart/projects/automuse/pkg/logger/logger.go:140","message":"Checking system dependencies"}
{"level":"info","severity":"WARNING","required_missing":0,"optional_missing":2,"recommended_action":"Consider installing optional dependencies for full functionality","time":"2025-07-15T18:29:09.337846-04:00","caller":"/Users/raithbheart/projects/automuse/pkg/logger/logger.go:140","message":"Dependency check completed"}
{"level":"info","time":"2025-07-15T18:29:09.340218-04:00","caller":"/Users/raithbheart/projects/automuse/pkg/logger/logger.go:140","message":"Legacy global variables initialized for backward compatibility"}
{"level":"info","time":"2025-07-15T18:29:09.340249-04:00","caller":"/Users/raithbheart/projects/automuse/pkg/logger/logger.go:140","message":"Application initialized successfully"}
{"level":"info","time":"2025-07-15T18:29:09.714845-04:00","caller":"/Users/raithbheart/projects/automuse/pkg/logger/logger.go:140","message":"Application started successfully"}
{"level":"info","username":"AutoMuse 🎵","discriminator":"8361","bot_id":"1063494648695357580","guild_count":3,"time":"2025-07-15T18:29:09.714901-04:00","caller":"/Users/raithbheart/projects/automuse/pkg/logger/logger.go:140","message":"Discord bot ready"}
{"level":"info","guild_id":"333860748474318851","guild_name":"Pickle Jar","members":43,"time":"2025-07-15T18:29:09.719708-04:00","caller":"/Users/raithbheart/projects/automuse/pkg/logger/logger.go:140","message":"Joined guild"}
{"level":"info","members":2,"guild_id":"1386639556064841769","guild_name":"Hermit","time":"2025-07-15T18:29:09.719927-04:00","caller":"/Users/raithbheart/projects/automuse/pkg/logger/logger.go:140","message":"Joined guild"}
{"level":"info","members":8,"guild_id":"846196339066142780","guild_name":"Wolf Den","time":"2025-07-15T18:29:09.737651-04:00","caller":"/Users/raithbheart/projects/automuse/pkg/logger/logger.go:140","message":"Joined guild"}
{"level":"info","guild_id":"846196339066142780","channel_id":"1016432041258131497","command":"play https://www.youtube.com/playlist?list=PL-q5b80dReoF0uRgmtQE-S820E79J3Vup","handler":"*main.PlayCommand","user_id":"177546433933606913","time":"2025-07-15T18:29:20.618223-04:00","caller":"/Users/raithbheart/projects/automuse/pkg/logger/logger.go:140","message":"Processing command with legacy handler"}
{"level":"info","user_id":"177546433933606913","username":"wolfenheimm","guild_id":"846196339066142780","guild_name":"","duration_ms":0,"channel_id":"1016432041258131497","command":"play https://www.youtube.com/playlist?list=PL-q5b80dReoF0uRgmtQE-S820E79J3Vup","user_id":"177546433933606913","guild_id":"846196339066142780","success":true,"time":"2025-07-15T18:29:20.618494-04:00","caller":"/Users/raithbheart/projects/automuse/pkg/logger/logger.go:140","message":"Command executed successfully"}
{"level":"info","command":"skip","handler":"*main.SkipCommand","user_id":"177546433933606913","guild_id":"846196339066142780","channel_id":"1016432041258131497","time":"2025-07-15T18:30:41.615452-04:00","caller":"/Users/raithbheart/projects/automuse/pkg/logger/logger.go:140","message":"Processing command with legacy handler"}
{"level":"info","user_id":"177546433933606913","username":"wolfenheimm","guild_id":"846196339066142780","guild_name":"","success":true,"duration_ms":0,"channel_id":"1016432041258131497","command":"skip","user_id":"177546433933606913","guild_id":"846196339066142780","time":"2025-07-15T18:30:41.615781-04:00","caller":"/Users/raithbheart/projects/automuse/pkg/logger/logger.go:140","message":"Command executed successfully"}
{"level":"info","command":"queue","handler":"*main.QueueCommand","user_id":"177546433933606913","guild_id":"846196339066142780","channel_id":"1016432041258131497","time":"2025-07-15T18:30:46.489404-04:00","caller":"/Users/raithbheart/projects/automuse/pkg/logger/logger.go:140","message":"Processing command with legacy handler"}
{"level":"info","user_id":"177546433933606913","username":"wolfenheimm","guild_id":"846196339066142780","guild_name":"","channel_id":"1016432041258131497","command":"queue","user_id":"177546433933606913","guild_id":"846196339066142780","success":true,"duration_ms":0,"time":"2025-07-15T18:30:46.489856-04:00","caller":"/Users/raithbheart/projects/automuse/pkg/logger/logger.go:140","message":"Command executed successfully"}
{"level":"info","command":"stop","handler":"*main.StopCommand","user_id":"177546433933606913","guild_id":"846196339066142780","channel_id":"1016432041258131497","time":"2025-07-15T18:31:21.286795-04:00","caller":"/Users/raithbheart/projects/automuse/pkg/logger/logger.go:140","message":"Processing command with legacy handler"}
{"level":"info","user_id":"177546433933606913","username":"wolfenheimm","guild_id":"846196339066142780","guild_name":"","command":"stop","user_id":"177546433933606913","guild_id":"846196339066142780","success":true,"duration_ms":0,"channel_id":"1016432041258131497","time":"2025-07-15T18:31:21.287048-04:00","caller":"/Users/raithbheart/projects/automuse/pkg/logger/logger.go:140","message":"Command executed successfully"}
{"level":"info","time":"2025-07-15T18:32:12.739372-04:00","caller":"/Users/raithbheart/projects/automuse/pkg/logger/logger.go:140","message":"Shutdown signal received"}
{"level":"info","time":"2025-07-15T18:32:12.740571-04:00","caller":"/Users/raithbheart/projects/automuse/pkg/logger/logger.go:140","message":"Starting graceful shutdown"}
{"level":"info","time":"2025-07-15T18:32:13.742433-04:00","caller":"/Users/raithbheart/projects/automuse/pkg/logger/logger.go:140","message":"Graceful shutdown completed"}
{"level":"info","reason":"Signal received","graceful":true,"time":"2025-07-15T18:32:13.742739-04:00","caller":"/Users/raithbheart/projects/automuse/pkg/logger/logger.go:140","message":"Application shutting down"}
{"level":"error","error":"disconnect event","event":"disconnect","time":"2025-07-15T18:32:13.742506-04:00","caller":"/Users/raithbheart/projects/automuse/pkg/logger/logger.go:161","message":"Discord disconnected"}
{"level":"info","version":"dev","build_time":"unknown","git_commit":"unknown","go_version":"go1.24.4","os":"darwin","arch":"arm64","time":"2025-07-15T18:39:41.662036-04:00","caller":"/Users/raithbheart/projects/automuse/pkg/logger/logger.go:140","message":"Application starting"}
{"level":"info","config":{"bot_token":"MTA2MzQ5***","debug_mode":false,"features":{"enable_caching":true,"enable_buffering":true,"enable_metrics":false,"enable_rate_limiting":true,"enable_auto_reconnect":true,"enable_advanced_audio":true,"supported_formats":["mp3","m4a","webm","ogg"],"experimental_features":[]},"youtube_token":"AIzaSyA2***"},"time":"2025-07-15T18:39:41.662263-04:00","caller":"/Users/raithbheart/projects/automuse/pkg/logger/logger.go:140","message":"Configuration loaded"}
{"level":"info","time":"2025-07-15T18:39:41.662368-04:00","caller":"/Users/raithbheart/projects/automuse/pkg/logger/logger.go:140","message":"Checking system dependencies"}
{"level":"info","severity":"WARNING","required_missing":0,"optional_missing":2,"recommended_action":"Consider installing optional dependencies for full functionality","time":"2025-07-15T18:39:41.873341-04:00","caller":"/Users/raithbheart/projects/automuse/pkg/logger/logger.go:140","message":"Dependency check completed"}
{"level":"info","time":"2025-07-15T18:39:41.876025-04:00","caller":"/Users/raithbheart/projects/automuse/pkg/logger/logger.go:140","message":"Legacy global variables initialized for backward compatibility"}
{"level":"info","time":"2025-07-15T18:39:41.876063-04:00","caller":"/Users/raithbheart/projects/automuse/pkg/logger/logger.go:140","message":"Application initialized successfully"}
{"level":"info","time":"2025-07-15T18:39:42.304228-04:00","caller":"/Users/raithbheart/projects/automuse/pkg/logger/logger.go:140","message":"Application started successfully"}
{"level":"info","guild_count":3,"username":"AutoMuse 🎵","discriminator":"8361","bot_id":"1063494648695357580","time":"2025-07-15T18:39:42.304267-04:00","caller":"/Users/raithbheart/projects/automuse/pkg/logger/logger.go:140","message":"Discord bot ready"}
{"level":"info","guild_id":"846196339066142780","guild_name":"Wolf Den","members":8,"time":"2025-07-15T18:39:42.30689-04:00","caller":"/Users/raithbheart/projects/automuse/pkg/logger/logger.go:140","message":"Joined guild"}
{"level":"info","guild_id":"333860748474318851","guild_name":"Pickle Jar","members":43,"time":"2025-07-15T18:39:42.307274-04:00","caller":"/Users/raithbheart/projects/automuse/pkg/logger/logger.go:140","message":"Joined guild"}
{"level":"info","guild_id":"1386639556064841769","guild_name":"Hermit","members":2,"time":"2025-07-15T18:39:42.307402-04:00","caller":"/Users/raithbheart/projects/automuse/pkg/logger/logger.go:140","message":"Joined guild"}
{"level":"info","guild_id":"846196339066142780","channel_id":"1016432041258131497","command":"play https://www.youtube.com/watch?v=bRyLsMv2clU","handler":"*main.PlayCommand","user_id":"177546433933606913","time":"2025-07-15T18:40:52.514962-04:00","caller":"/Users/raithbheart/projects/automuse/pkg/logger/logger.go:140","message":"Processing command with legacy handler"}
{"level":"info","user_id":"177546433933606913","username":"wolfenheimm","guild_name":"","guild_id":"846196339066142780","success":true,"duration_ms":1,"channel_id":"1016432041258131497","command":"play https://www.youtube.com/watch?v=bRyLsMv2clU","user_id":"177546433933606913","guild_id":"846196339066142780","time":"2025-07-15T18:40:52.516225-04:00","caller":"/Users/raithbheart/projects/automuse/pkg/logger/logger.go:140","message":"Command executed successfully"}
{"level":"info","channel_id":"1016432041258131497","command":"stop","handler":"*main.StopCommand","user_id":"177546433933606913","guild_id":"846196339066142780","time":"2025-07-15T18:41:07.127287-04:00","caller":"/Users/raithbheart/projects/automuse/pkg/logger/logger.go:140","message":"Processing command with legacy handler"}
{"level":"info","user_id":"177546433933606913","username":"wolfenheimm","guild_id":"846196339066142780","guild_name":"","duration_ms":0,"channel_id":"1016432041258131497","command":"stop","user_id":"177546433933606913","guild_id":"846196339066142780","success":true,"time":"2025-07-15T18:41:07.127706-04:00","caller":"/Users/raithbheart/projects/automuse/pkg/logger/logger.go:140","message":"Command executed successfully"}
{"level":"info","handler":"*main.PlayCommand","user_id":"177546433933606913","guild_id":"846196339066142780","channel_id":"1016432041258131497","command":"play https://www.youtube.com/playlist?list=PL-q5b80dReoF0uRgmtQE-S820E79J3Vup","time":"2025-07-15T18:41:09.319186-04:00","caller":"/Users/raithbheart/projects/automuse/pkg/logger/logger.go:140","message":"Processing command with legacy handler"}
{"level":"info","user_id":"177546433933606913","username":"wolfenheimm","guild_id":"846196339066142780","guild_name":"","duration_ms":0,"channel_id":"1016432041258131497","command":"play https://www.youtube.com/playlist?list=PL-q5b80dReoF0uRgmtQE-S820E79J3Vup","user_id":"177546433933606913","guild_id":"846196339066142780","success":true,"time":"2025-07-15T18:41:09.319467-04:00","caller":"/Users/raithbheart/projects/automuse/pkg/logger/logger.go:140","message":"Command executed successfully"}
{"level":"info","command":"skip","handler":"*main.SkipCommand","user_id":"177546433933606913","guild_id":"846196339066142780","channel_id":"1016432041258131497","time":"2025-07-15T18:41:46.13348-04:00","caller":"/Users/raithbheart/projects/automuse/pkg/logger/logger.go:140","message":"Processing command with legacy handler"}
{"level":"info","username":"wolfenheimm","user_id":"177546433933606913","guild_id":"846196339066142780","guild_name":"","channel_id":"1016432041258131497","command":"skip","user_id":"177546433933606913","guild_id":"846196339066142780","success":true,"duration_ms":0,"time":"2025-07-15T18:41:46.134041-04:00","caller":"/Users/raithbheart/projects/automuse/pkg/logger/logger.go:140","message":"Command executed successfully"}
{"level":"info","alloc_mb":3,"total_alloc_mb":86,"sys_mb":16,"num_gc":40,"goroutines":17,"time":"2025-07-15T18:44:42.3071-04:00","caller":"/Users/raithbheart/projects/automuse/pkg/logger/logger.go:140","message":"Memory usage statistics"}
{"level":"info","alloc_mb":2,"total_alloc_mb":211,"sys_mb":16,"num_gc":98,"goroutines":17,"time":"2025-07-15T18:49:42.307459-04:00","caller":"/Users/raithbheart/projects/automuse/pkg/logger/logger.go:140","message":"Memory usage statistics"}
{"level":"info","time":"2025-07-15T18:54:42.308123-04:00","caller":"/Users/raithbheart/projects/automuse/pkg/logger/logger.go:140","message":"Audio session cleanup completed"}
{"level":"info","num_gc":154,"goroutines":16,"alloc_mb":2,"total_alloc_mb":334,"sys_mb":16,"time":"2025-07-15T18:54:42.308378-04:00","caller":"/Users/raithbheart/projects/automuse/pkg/logger/logger.go:140","message":"Memory usage statistics"}
{"level":"info","alloc_mb":2,"total_alloc_mb":458,"sys_mb":16,"num_gc":211,"goroutines":17,"time":"2025-07-15T18:59:42.310406-04:00","caller":"/Users/raithbheart/projects/automuse/pkg/logger/logger.go:140","message":"Memory usage statistics"}
{"level":"info","alloc_mb":2,"total_alloc_mb":581,"sys_mb":16,"num_gc":268,"goroutines":17,"time":"2025-07-15T19:04:42.307663-04:00","caller":"/Users/raithbheart/projects/automuse/pkg/logger/logger.go:140","message":"Memory usage statistics"}
{"level":"info","time":"2025-07-15T19:05:35.912854-04:00","caller":"/Users/raithbheart/projects/automuse/pkg/logger/logger.go:140","message":"Shutdown signal received"}
{"level":"info","time":"2025-07-15T19:05:35.913076-04:00","caller":"/Users/raithbheart/projects/automuse/pkg/logger/logger.go:140","message":"Starting graceful shutdown"}
{"level":"info","time":"2025-07-15T19:05:36.914458-04:00","caller":"/Users/raithbheart/projects/automuse/pkg/logger/logger.go:140","message":"Graceful shutdown completed"}
{"level":"error","error":"disconnect event","event":"disconnect","time":"2025-07-15T19:05:36.914528-04:00","caller":"/Users/raithbheart/projects/automuse/pkg/logger/logger.go:161","message":"Discord disconnected"}
{"level":"info","graceful":true,"reason":"Signal received","time":"2025-07-15T19:05:36.914577-04:00","caller":"/Users/raithbheart/projects/automuse/pkg/logger/logger.go:140","message":"Application shutting down"}
{"level":"info","arch":"arm64","version":"dev","build_time":"unknown","git_commit":"unknown","go_version":"go1.24.4","os":"darwin","time":"2025-07-15T20:02:56.19975-04:00","caller":"/Users/raithbheart/projects/automuse/pkg/logger/logger.go:140","message":"Application starting"}
{"level":"info","config":{"bot_token":"MTA2MzQ5***","debug_mode":false,"features":{"enable_caching":true,"enable_buffering":true,"enable_metrics":false,"enable_rate_limiting":true,"enable_auto_reconnect":true,"enable_advanced_audio":true,"supported_formats":["mp3","m4a","webm","ogg"],"experimental_features":[]},"youtube_token":"AIzaSyA2***"},"time":"2025-07-15T20:02:56.200319-04:00","caller":"/Users/raithbheart/projects/automuse/pkg/logger/logger.go:140","message":"Configuration loaded"}
{"level":"info","time":"2025-07-15T20:02:56.200467-04:00","caller":"/Users/raithbheart/projects/automuse/pkg/logger/logger.go:140","message":"Checking system dependencies"}
{"level":"info","optional_missing":2,"recommended_action":"Consider installing optional dependencies for full functionality","severity":"WARNING","required_missing":0,"time":"2025-07-15T20:02:58.542244-04:00","caller":"/Users/raithbheart/projects/automuse/pkg/logger/logger.go:140","message":"Dependency check completed"}
{"level":"info","time":"2025-07-15T20:02:58.545572-04:00","caller":"/Users/raithbheart/projects/automuse/pkg/logger/logger.go:140","message":"Legacy global variables initialized for backward compatibility"}
{"level":"info","time":"2025-07-15T20:02:58.545628-04:00","caller":"/Users/raithbheart/projects/automuse/pkg/logger/logger.go:140","message":"Application initialized successfully"}
{"level":"info","time":"2025-07-15T20:02:58.989021-04:00","caller":"/Users/raithbheart/projects/automuse/pkg/logger/logger.go:140","message":"Application started successfully"}
{"level":"info","discriminator":"8361","bot_id":"1063494648695357580","guild_count":3,"username":"AutoMuse 🎵","time":"2025-07-15T20:02:58.989277-04:00","caller":"/Users/raithbheart/projects/automuse/pkg/logger/logger.go:140","message":"Discord bot ready"}
{"level":"info","guild_name":"Wolf Den","members":8,"guild_id":"846196339066142780","time":"2025-07-15T20:02:58.99012-04:00","caller":"/Users/raithbheart/projects/automuse/pkg/logger/logger.go:140","message":"Joined guild"}
{"level":"info","guild_id":"1386639556064841769","guild_name":"Hermit","members":2,"time":"2025-07-15T20:02:58.990271-04:00","caller":"/Users/raithbheart/projects/automuse/pkg/logger/logger.go:140","message":"Joined guild"}
{"level":"info","guild_id":"333860748474318851","guild_name":"Pickle Jar","members":43,"time":"2025-07-15T20:02:58.990489-04:00","caller":"/Users/raithbheart/projects/automuse/pkg/logger/logger.go:140","message":"Joined guild"}
{"level":"info","command":"play https://www.youtube.com/watch?v=h4UqMyldS7Q\u0026list=PL-q5b80dReoHm8wH3jtud2BovmhtblbP3\u0026index=1\u0026ab_channel=IceCubeVEVO","handler":"*main.PlayCommand","user_id":"177546433933606913","guild_id":"846196339066142780","channel_id":"1016432041258131497","time":"2025-07-15T20:03:25.399552-04:00","caller":"/Users/raithbheart/projects/automuse/pkg/logger/logger.go:140","message":"Processing command with legacy handler"}
{"level":"info","username":"wolfenheimm","user_id":"177546433933606913","guild_id":"846196339066142780","guild_name":"","channel_id":"1016432041258131497","command":"play https://www.youtube.com/watch?v=h4UqMyldS7Q\u0026list=PL-q5b80dReoHm8wH3jtud2BovmhtblbP3\u0026index=1\u0026ab_channel=IceCubeVEVO","user_id":"177546433933606913","guild_id":"846196339066142780","success":true,"duration_ms":1,"time":"2025-07-15T20:03:25.400749-04:00","caller":"/Users/raithbheart/projects/automuse/pkg/logger/logger.go:140","message":"Command executed successfully"}
{"level":"info","goroutines":15,"alloc_mb":2,"total_alloc_mb":100,"sys_mb":12,"num_gc":45,"time":"2025-07-15T20:07:58.995147-04:00","caller":"/Users/raithbheart/projects/automuse/pkg/logger/logger.go:140","message":"Memory usage statistics"}
{"level":"info","total_alloc_mb":224,"sys_mb":12,"num_gc":99,"goroutines":15,"alloc_mb":3,"time":"2025-07-15T20:12:58.998952-04:00","caller":"/Users/raithbheart/projects/automuse/pkg/logger/logger.go:140","message":"Memory usage statistics"}
{"level":"info","time":"2025-07-15T20:17:59.004094-04:00","caller":"/Users/raithbheart/projects/automuse/pkg/logger/logger.go:140","message":"Audio session cleanup completed"}
{"level":"info","alloc_mb":2,"total_alloc_mb":347,"sys_mb":12,"num_gc":154,"goroutines":15,"time":"2025-07-15T20:17:59.005242-04:00","caller":"/Users/raithbheart/projects/automuse/pkg/logger/logger.go:140","message":"Memory usage statistics"}
{"level":"info","sys_mb":12,"num_gc":209,"goroutines":15,"alloc_mb":1,"total_alloc_mb":470,"time":"2025-07-15T20:22:58.998557-04:00","caller":"/Users/raithbheart/projects/automuse/pkg/logger/logger.go:140","message":"Memory usage statistics"}
{"level":"info","alloc_mb":1,"total_alloc_mb":594,"sys_mb":12,"num_gc":264,"goroutines":15,"time":"2025-07-15T20:27:59.002257-04:00","caller":"/Users/raithbheart/projects/automuse/pkg/logger/logger.go:140","message":"Memory usage statistics"}
{"level":"error","error":"disconnect event","event":"disconnect","time":"2025-07-15T20:31:09.691585-04:00","caller":"/Users/raithbheart/projects/automuse/pkg/logger/logger.go:161","message":"Discord disconnected"}
{"level":"info","time":"2025-07-15T20:32:59.005492-04:00","caller":"/Users/raithbheart/projects/automuse/pkg/logger/logger.go:140","message":"Audio session cleanup completed"}
{"level":"info","num_gc":316,"goroutines":15,"alloc_mb":2,"total_alloc_mb":711,"sys_mb":16,"time":"2025-07-15T20:32:59.005875-04:00","caller":"/Users/raithbheart/projects/automuse/pkg/logger/logger.go:140","message":"Memory usage statistics"}
{"level":"info","alloc_mb":3,"total_alloc_mb":835,"sys_mb":16,"num_gc":372,"goroutines":16,"time":"2025-07-15T20:37:59.009268-04:00","caller":"/Users/raithbheart/projects/automuse/pkg/logger/logger.go:140","message":"Memory usage statistics"}
{"level":"info","sys_mb":16,"num_gc":428,"goroutines":16,"alloc_mb":1,"total_alloc_mb":958,"time":"2025-07-15T20:42:59.012964-04:00","caller":"/Users/raithbheart/projects/automuse/pkg/logger/logger.go:140","message":"Memory usage statistics"}
{"level":"info","time":"2025-07-15T20:47:59.025772-04:00","caller":"/Users/raithbheart/projects/automuse/pkg/logger/logger.go:140","message":"Audio session cleanup completed"}
{"level":"info","sys_mb":16,"num_gc":483,"goroutines":16,"alloc_mb":3,"total_alloc_mb":1081,"time":"2025-07-15T20:47:59.026923-04:00","caller":"/Users/raithbheart/projects/automuse/pkg/logger/logger.go:140","message":"Memory usage statistics"}
{"level":"info","alloc_mb":2,"total_alloc_mb":1204,"sys_mb":16,"num_gc":539,"goroutines":15,"time":"2025-07-15T20:52:59.031006-04:00","caller":"/Users/raithbheart/projects/automuse/pkg/logger/logger.go:140","message":"Memory usage statistics"}
